<?xml version="1.0" encoding="UTF-8"?>
<testng-results skipped="0" failed="0" ignored="0" total="2" passed="2">
  <reporter-output>
  </reporter-output>
  <suite name="Suite" duration-ms="20359" started-at="2021-02-28T00:25:47 IST" finished-at="2021-02-28T00:26:07 IST">
    <groups>
    </groups>
    <test name="Test" duration-ms="20359" started-at="2021-02-28T00:25:47 IST" finished-at="2021-02-28T00:26:07 IST">
      <class name="com.mavanProject.MavenProject.Sample1">
        <test-method status="PASS" signature="login()[pri:0, instance:com.mavanProject.MavenProject.Sample1@5a8806ef]" name="login" duration-ms="10577" started-at="2021-02-28T00:25:47 IST" finished-at="2021-02-28T00:25:57 IST">
          <reporter-output>
          </reporter-output>
        </test-method> <!-- login -->
      </class> <!-- com.mavanProject.MavenProject.Sample1 -->
      <class name="com.mavanProject.MavenProject.Sample2">
        <test-method status="PASS" signature="firefoxDemo()[pri:0, instance:com.mavanProject.MavenProject.Sample2@6c49835d]" name="firefoxDemo" duration-ms="9741" started-at="2021-02-28T00:25:57 IST" finished-at="2021-02-28T00:26:07 IST">
          <reporter-output>
          </reporter-output>
        </test-method> <!-- firefoxDemo -->
      </class> <!-- com.mavanProject.MavenProject.Sample2 -->
    </test> <!-- Test -->
  </suite> <!-- Suite -->
</testng-results>
